2020-10-29 21:11:58,762 - jxc_v7_app - INFO - []
2020-10-29 21:11:58,763 - jxc_v7_app - INFO - =======================================================================================================================================
2020-10-29 21:11:58,840 - jxc_v7_app - INFO - []
2020-10-29 21:11:58,840 - jxc_v7_app - INFO - =======================================================================================================================================
2020-10-29 21:11:58,916 - jxc_v7_app - INFO - []
2020-10-29 21:11:58,916 - jxc_v7_app - INFO - =======================================================================================================================================
2020-10-29 21:11:58,992 - jxc_v7_app - INFO - []
2020-10-29 21:11:59,006 - jxc_v7_app - INFO - =======================================================================================================================================
2020-10-29 21:11:59,079 - jxc_v7_app - INFO - []
2020-10-29 21:11:59,079 - jxc_v7_app - INFO - =======================================================================================================================================
2020-10-29 21:11:59,155 - jxc_v7_app - INFO - []
2020-10-29 21:11:59,155 - jxc_v7_app - INFO - =======================================================================================================================================
2020-10-29 21:12:11,154 - jxc_v7_app - INFO - ['List of devices attached\n', 'NAB0220629016963\tdevice\n', '\n']
2020-10-29 21:12:11,155 - jxc_v7_app - INFO - =======================================================================================================================================
2020-10-29 21:14:04,915 - jxc_v7_app - INFO - this is android_driver:None
2020-10-29 21:15:08,741 - jxc_v7_app - INFO - ['List of devices attached\n', 'NAB0220629016963\tdevice\n', '\n']
2020-10-29 21:15:08,742 - jxc_v7_app - INFO - =======================================================================================================================================
2020-10-29 21:15:08,809 - jxc_v7_app - INFO - ['List of devices attached\n', 'NAB0220629016963\tdevice\n', '\n']
2020-10-29 21:15:08,809 - jxc_v7_app - INFO - =======================================================================================================================================
2020-10-29 21:16:04,181 - jxc_v7_app - INFO - ['List of devices attached\n', 'NAB0220629016963\tdevice\n', '\n']
2020-10-29 21:16:04,181 - jxc_v7_app - INFO - =======================================================================================================================================
2020-10-29 21:16:39,214 - jxc_v7_app - INFO - this is android_driver:None
2020-10-29 21:17:13,343 - jxc_v7_app - INFO - this is android_driver:None
2020-10-29 21:40:16,110 - jxc_v7_app - INFO - 1
2020-10-29 21:40:16,111 - jxc_v7_app - ERROR - 3
2020-10-29 21:40:16,111 - jxc_v7_app - INFO - 4
2020-10-29 21:40:56,707 - jxc_v7_app - INFO - this is android_driver:None
2020-10-30 12:03:46,465 - jxc_v7_app - INFO - this is android_driver:None
2020-10-30 12:05:36,308 - jxc_v7_app - INFO - this is android_driver:None
2020-10-30 12:08:07,089 - jxc_v7_app - INFO - this is android_driver:None
2020-10-30 12:12:21,255 - selenium.webdriver.remote.remote_connection - INFO - Could not connect to port 4723 on host localhost
2020-10-30 12:12:21,255 - selenium.webdriver.remote.remote_connection - INFO - Could not get IP address for host: localhost
2020-10-30 12:14:11,702 - jxc_v7_app - INFO - ['List of devices attached\n', 'NAB0220629016963\tdevice\n', '\n']
2020-10-30 12:14:11,702 - jxc_v7_app - INFO - =======================================================================================================================================
2020-10-30 12:14:11,988 - jxc_v7_app - INFO - ['node.exe                     28316 RDP-Tcp#4                  2     72,712 K\n']
2020-10-30 12:14:11,988 - jxc_v7_app - INFO - =======================================================================================================================================
2020-10-30 12:14:12,131 - jxc_v7_app - INFO - 已关闭Appium服务进程
2020-10-30 12:14:12,216 - jxc_v7_app - INFO - []
2020-10-30 12:14:12,216 - jxc_v7_app - INFO - =======================================================================================================================================
2020-10-30 12:14:12,297 - jxc_v7_app - INFO - []
2020-10-30 12:14:12,297 - jxc_v7_app - INFO - =======================================================================================================================================
2020-10-30 12:14:12,297 - jxc_v7_app - INFO - 执行启用appium服务命令：appium -p 4700 -bp 4900 -U NAB0220629016963 --no-reset --session-override --log D:/v7app_auto/untitled1/v7jxc_auto/log/test_log.log
2020-10-30 12:14:27,483 - jxc_v7_app - INFO - this is android_driver:0
2020-10-30 12:14:27,484 - jxc_v7_app - INFO - NAB0220629016963
2020-10-30 12:14:27,484 - jxc_v7_app - INFO - 4700
2020-10-30 12:15:17,381 - jxc_v7_app - INFO - this is setup
2020-10-30 12:15:17,381 - jxc_v7_app - INFO - 采购1个商品
2020-10-30 12:15:22,381 - jxc_v7_app - INFO - 点击采购应用
2020-10-30 12:15:36,568 - jxc_v7_app - INFO - 获取当前窗口的上下文(切换后):WEBVIEW_stetho_com.kingdee.jdy
2020-10-30 12:15:36,568 - jxc_v7_app - INFO - 点击新增
2020-10-30 12:15:39,303 - jxc_v7_app - INFO - 获取当前窗口的上下文(切换后):WEBVIEW_stetho_com.kingdee.jdy
2020-10-30 12:15:39,303 - jxc_v7_app - INFO - 选择河源供应商
2020-10-30 12:15:41,884 - jxc_v7_app - INFO - 获取当前窗口的上下文(切换后):WEBVIEW_stetho_com.kingdee.jdy
2020-10-30 12:15:44,437 - jxc_v7_app - INFO - 获取当前窗口的上下文(切换后):WEBVIEW_stetho_com.kingdee.jdy
2020-10-30 12:15:44,437 - jxc_v7_app - INFO - 添加商品
2020-10-30 12:15:46,977 - jxc_v7_app - INFO - 获取当前窗口的上下文(切换后):WEBVIEW_stetho_com.kingdee.jdy
2020-10-30 12:15:46,977 - jxc_v7_app - INFO - 点击选择仓库
2020-10-30 12:15:49,506 - jxc_v7_app - INFO - 获取当前窗口的上下文(切换后):WEBVIEW_stetho_com.kingdee.jdy
2020-10-30 12:15:52,220 - jxc_v7_app - INFO - 获取当前窗口的上下文(切换后):WEBVIEW_stetho_com.kingdee.jdy
2020-10-30 12:15:52,220 - jxc_v7_app - INFO - 搜索'益达'商品
2020-10-30 12:15:54,761 - jxc_v7_app - INFO - 获取当前窗口的上下文(切换后):WEBVIEW_stetho_com.kingdee.jdy
2020-10-30 12:15:54,761 - jxc_v7_app - INFO - 确定商品
2020-10-30 12:15:57,392 - jxc_v7_app - INFO - 获取当前窗口的上下文(切换后):WEBVIEW_stetho_com.kingdee.jdy
2020-10-30 12:15:57,392 - jxc_v7_app - INFO - 输入商品数量：10
2020-10-30 12:15:57,646 - jxc_v7_app - INFO - 确定
2020-10-30 12:16:00,172 - jxc_v7_app - INFO - 获取当前窗口的上下文(切换后):WEBVIEW_stetho_com.kingdee.jdy
2020-10-30 12:16:00,173 - jxc_v7_app - INFO - 下单
2020-10-30 12:16:02,944 - jxc_v7_app - INFO - 获取当前窗口的上下文(切换后):WEBVIEW_stetho_com.kingdee.jdy
2020-10-30 12:16:02,945 - jxc_v7_app - INFO - 结算
2020-10-30 12:16:05,635 - jxc_v7_app - INFO - 获取当前窗口的上下文(切换后):WEBVIEW_stetho_com.kingdee.jdy
2020-10-30 12:16:05,635 - jxc_v7_app - INFO - 输入账户，填写金额
2020-10-30 12:16:08,371 - jxc_v7_app - INFO - 获取当前窗口的上下文(切换后):WEBVIEW_stetho_com.kingdee.jdy
2020-10-30 12:16:10,914 - jxc_v7_app - INFO - 获取当前窗口的上下文(切换后):WEBVIEW_stetho_com.kingdee.jdy
2020-10-30 12:16:13,446 - jxc_v7_app - INFO - 获取当前窗口的上下文(切换后):WEBVIEW_stetho_com.kingdee.jdy
2020-10-30 12:16:16,766 - jxc_v7_app - INFO - 下单
2020-10-30 12:16:19,121 - jxc_v7_app - INFO - 跳转到采购列表，按日期，审核状态筛选刚才的开单单据，并审核
2020-10-30 12:16:21,362 - jxc_v7_app - INFO - 获取当前窗口的上下文(切换后):WEBVIEW_stetho_com.kingdee.jdy
2020-10-30 12:16:24,563 - jxc_v7_app - INFO - 获取当前窗口的上下文(切换后):WEBVIEW_stetho_com.kingdee.jdy
2020-10-30 12:16:27,108 - jxc_v7_app - INFO - 获取当前窗口的上下文(切换后):WEBVIEW_stetho_com.kingdee.jdy
2020-10-30 12:16:29,784 - jxc_v7_app - INFO - 获取当前窗口的上下文(切换后):WEBVIEW_stetho_com.kingdee.jdy
2020-10-30 12:16:32,252 - jxc_v7_app - INFO - 获取当前窗口的上下文(切换后):WEBVIEW_stetho_com.kingdee.jdy
2020-10-30 12:16:34,870 - jxc_v7_app - INFO - 获取当前窗口的上下文(切换后):WEBVIEW_stetho_com.kingdee.jdy
2020-10-30 12:16:35,003 - jxc_v7_app - INFO - 打印订单编号:CGRK-20201030-00087
2020-10-30 12:16:37,570 - jxc_v7_app - INFO - 获取当前窗口的上下文(切换后):WEBVIEW_stetho_com.kingdee.jdy
2020-10-30 12:16:40,529 - jxc_v7_app - INFO - 获取当前窗口的上下文(切换后):NATIVE_APP
2020-10-30 12:16:43,726 - jxc_v7_app - INFO - this is teardown
2020-10-30 12:16:43,726 - jxc_v7_app - INFO - this is setup
2020-10-30 12:16:43,726 - jxc_v7_app - INFO - 销售订单下推销售出库单
2020-10-30 12:16:48,726 - jxc_v7_app - INFO - 点击销售订单
2020-10-30 12:17:02,885 - jxc_v7_app - INFO - 获取当前窗口的上下文(切换后):WEBVIEW_stetho_com.kingdee.jdy
2020-10-30 12:17:02,885 - jxc_v7_app - INFO - 新增销售单，选择客户-商品-选择仓库-输入数量-确定下单
2020-10-30 12:17:05,644 - jxc_v7_app - INFO - 获取当前窗口的上下文(切换后):WEBVIEW_stetho_com.kingdee.jdy
2020-10-30 12:17:08,254 - jxc_v7_app - INFO - 获取当前窗口的上下文(切换后):WEBVIEW_stetho_com.kingdee.jdy
2020-10-30 12:17:14,416 - jxc_v7_app - INFO - 获取当前窗口的上下文(切换后):WEBVIEW_stetho_com.kingdee.jdy
2020-10-30 12:17:17,043 - jxc_v7_app - INFO - 获取当前窗口的上下文(切换后):WEBVIEW_stetho_com.kingdee.jdy
2020-10-30 12:17:19,728 - jxc_v7_app - INFO - 获取当前窗口的上下文(切换后):WEBVIEW_stetho_com.kingdee.jdy
2020-10-30 12:17:22,250 - jxc_v7_app - INFO - 获取当前窗口的上下文(切换后):WEBVIEW_stetho_com.kingdee.jdy
2020-10-30 12:17:24,836 - jxc_v7_app - INFO - 获取当前窗口的上下文(切换后):WEBVIEW_stetho_com.kingdee.jdy
2020-10-30 12:17:27,410 - jxc_v7_app - INFO - 获取当前窗口的上下文(切换后):WEBVIEW_stetho_com.kingdee.jdy
2020-10-30 12:17:29,865 - jxc_v7_app - INFO - 获取当前窗口的上下文(切换后):WEBVIEW_stetho_com.kingdee.jdy
2020-10-30 12:17:32,394 - jxc_v7_app - INFO - 获取当前窗口的上下文(切换后):WEBVIEW_stetho_com.kingdee.jdy
2020-10-30 12:17:35,052 - jxc_v7_app - INFO - 获取当前窗口的上下文(切换后):WEBVIEW_stetho_com.kingdee.jdy
2020-10-30 12:17:38,245 - jxc_v7_app - INFO - 获取当前窗口的上下文(切换后):WEBVIEW_stetho_com.kingdee.jdy
2020-10-30 12:17:41,033 - jxc_v7_app - INFO - 获取当前窗口的上下文(切换后):WEBVIEW_stetho_com.kingdee.jdy
2020-10-30 12:17:43,635 - jxc_v7_app - INFO - 获取当前窗口的上下文(切换后):WEBVIEW_stetho_com.kingdee.jdy
2020-10-30 12:17:46,174 - jxc_v7_app - INFO - 获取当前窗口的上下文(切换后):WEBVIEW_stetho_com.kingdee.jdy
2020-10-30 12:17:48,674 - jxc_v7_app - INFO - 获取当前窗口的上下文(切换后):WEBVIEW_stetho_com.kingdee.jdy
2020-10-30 12:17:51,210 - jxc_v7_app - INFO - 获取当前窗口的上下文(切换后):WEBVIEW_stetho_com.kingdee.jdy
2020-10-30 12:17:51,994 - jxc_v7_app - INFO - 销售订单下推成销售出库单
2020-10-30 12:17:54,223 - jxc_v7_app - INFO - 获取当前窗口的上下文(切换后):WEBVIEW_stetho_com.kingdee.jdy
2020-10-30 12:17:57,450 - jxc_v7_app - INFO - 获取当前窗口的上下文(切换后):WEBVIEW_stetho_com.kingdee.jdy
2020-10-30 12:17:59,957 - jxc_v7_app - INFO - 获取当前窗口的上下文(切换后):WEBVIEW_stetho_com.kingdee.jdy
2020-10-30 12:18:02,566 - jxc_v7_app - INFO - 获取当前窗口的上下文(切换后):WEBVIEW_stetho_com.kingdee.jdy
2020-10-30 12:18:05,068 - jxc_v7_app - INFO - 获取当前窗口的上下文(切换后):WEBVIEW_stetho_com.kingdee.jdy
2020-10-30 12:18:05,243 - jxc_v7_app - INFO - 打印按钮名称:未审核
2020-10-30 12:18:07,734 - jxc_v7_app - INFO - 获取当前窗口的上下文(切换后):WEBVIEW_stetho_com.kingdee.jdy
2020-10-30 12:18:10,263 - jxc_v7_app - INFO - 获取当前窗口的上下文(切换后):WEBVIEW_stetho_com.kingdee.jdy
2020-10-30 12:18:15,985 - jxc_v7_app - INFO - 审核后的订单出库
2020-10-30 12:18:18,227 - jxc_v7_app - INFO - 获取当前窗口的上下文(切换后):WEBVIEW_stetho_com.kingdee.jdy
2020-10-30 12:18:20,867 - jxc_v7_app - INFO - 获取当前窗口的上下文(切换后):WEBVIEW_stetho_com.kingdee.jdy
2020-10-30 12:18:23,454 - jxc_v7_app - INFO - 获取当前窗口的上下文(切换后):WEBVIEW_stetho_com.kingdee.jdy
2020-10-30 12:18:26,007 - jxc_v7_app - INFO - 获取当前窗口的上下文(切换后):WEBVIEW_stetho_com.kingdee.jdy
2020-10-30 12:18:28,550 - jxc_v7_app - INFO - 获取当前窗口的上下文(切换后):WEBVIEW_stetho_com.kingdee.jdy
2020-10-30 12:18:31,056 - jxc_v7_app - INFO - 获取当前窗口的上下文(切换后):WEBVIEW_stetho_com.kingdee.jdy
2020-10-30 12:18:33,680 - jxc_v7_app - INFO - 获取当前窗口的上下文(切换后):WEBVIEW_stetho_com.kingdee.jdy
2020-10-30 12:18:36,604 - jxc_v7_app - INFO - 获取当前窗口的上下文(切换后):WEBVIEW_stetho_com.kingdee.jdy
2020-10-30 12:18:39,147 - jxc_v7_app - INFO - 获取当前窗口的上下文(切换后):WEBVIEW_stetho_com.kingdee.jdy
2020-10-30 12:18:41,788 - jxc_v7_app - INFO - 获取当前窗口的上下文(切换后):WEBVIEW_stetho_com.kingdee.jdy
2020-10-30 12:18:44,227 - jxc_v7_app - INFO - 获取当前窗口的上下文(切换后):WEBVIEW_stetho_com.kingdee.jdy
2020-10-30 12:18:46,840 - jxc_v7_app - INFO - 获取当前窗口的上下文(切换后):WEBVIEW_stetho_com.kingdee.jdy
2020-10-30 12:18:52,583 - jxc_v7_app - INFO - 获取当前窗口的上下文(切换后):WEBVIEW_stetho_com.kingdee.jdy
2020-10-30 12:18:53,065 - jxc_v7_app - INFO - =====订单下推成功=====
2020-10-30 12:18:53,065 - jxc_v7_app - INFO - this is teardown
2020-10-30 12:18:53,166 - jxc_v7_app - INFO - ['List of devices attached\n', 'NAB0220629016963\tdevice\n', '\n']
2020-10-30 12:18:53,166 - jxc_v7_app - INFO - =======================================================================================================================================
2020-10-30 12:18:53,423 - jxc_v7_app - INFO - ['node.exe                     26932 RDP-Tcp#4                  2     79,824 K\n']
2020-10-30 12:18:53,423 - jxc_v7_app - INFO - =======================================================================================================================================
2020-10-30 12:18:54,071 - jxc_v7_app - INFO - 已关闭Appium服务进程
2020-10-30 14:46:37,830 - jxc_v7_app - INFO - ['List of devices attached\n', 'NAB0220629016963\tdevice\n', '\n']
2020-10-30 14:46:37,830 - jxc_v7_app - INFO - =======================================================================================================================================
2020-10-30 14:46:38,057 - jxc_v7_app - INFO - []
2020-10-30 14:46:38,058 - jxc_v7_app - INFO - =======================================================================================================================================
2020-10-30 14:46:38,058 - jxc_v7_app - INFO - 已关闭Appium服务进程
2020-10-30 14:46:38,145 - jxc_v7_app - INFO - []
2020-10-30 14:46:38,145 - jxc_v7_app - INFO - =======================================================================================================================================
2020-10-30 14:46:38,225 - jxc_v7_app - INFO - []
2020-10-30 14:46:38,225 - jxc_v7_app - INFO - =======================================================================================================================================
2020-10-30 14:46:38,225 - jxc_v7_app - INFO - 执行启用appium服务命令：appium -p 4700 -bp 4900 -U NAB0220629016963 --no-reset --session-override --log D:/v7app_auto/untitled1/v7jxc_auto/log/test_log.log
2020-10-30 14:46:53,402 - jxc_v7_app - INFO - this is android_driver:0
2020-10-30 14:46:53,404 - jxc_v7_app - INFO - NAB0220629016963
2020-10-30 14:46:53,404 - jxc_v7_app - INFO - 4700
2020-10-30 14:52:56,385 - jxc_v7_app - INFO - ['List of devices attached\n', 'NAB0220629016963\tdevice\n', '\n']
2020-10-30 14:52:56,385 - jxc_v7_app - INFO - =======================================================================================================================================
2020-10-30 14:52:56,634 - jxc_v7_app - INFO - []
2020-10-30 14:52:56,634 - jxc_v7_app - INFO - =======================================================================================================================================
2020-10-30 14:52:56,634 - jxc_v7_app - INFO - 已关闭Appium服务进程
2020-10-30 14:52:56,716 - jxc_v7_app - INFO - []
2020-10-30 14:52:56,717 - jxc_v7_app - INFO - =======================================================================================================================================
2020-10-30 14:52:56,796 - jxc_v7_app - INFO - ['  TCP    127.0.0.1:4900         0.0.0.0:0              LISTENING       23076\n']
2020-10-30 14:52:56,796 - jxc_v7_app - INFO - =======================================================================================================================================
2020-10-30 14:52:56,878 - jxc_v7_app - INFO - []
2020-10-30 14:52:56,878 - jxc_v7_app - INFO - =======================================================================================================================================
2020-10-30 14:52:56,878 - jxc_v7_app - INFO - 执行启用appium服务命令：appium -p 4700 -bp 4901 -U NAB0220629016963 --no-reset --session-override --log D:/v7app_auto/untitled1/v7jxc_auto/log/test_log.log
2020-10-30 14:53:12,004 - jxc_v7_app - INFO - this is android_driver:0
2020-10-30 14:53:12,005 - jxc_v7_app - INFO - NAB0220629016963
2020-10-30 14:53:12,005 - jxc_v7_app - INFO - 4700
2020-10-30 14:53:49,758 - jxc_v7_app - INFO - ['List of devices attached\n', 'NAB0220629016963\tdevice\n', '\n']
2020-10-30 14:53:49,759 - jxc_v7_app - INFO - =======================================================================================================================================
2020-10-30 14:53:50,001 - jxc_v7_app - INFO - ['node.exe                     20440 RDP-Tcp#7                  2     64,304 K\n']
2020-10-30 14:53:50,001 - jxc_v7_app - INFO - =======================================================================================================================================
2020-10-30 14:53:50,151 - jxc_v7_app - INFO - 已关闭Appium服务进程
2020-10-30 14:55:53,471 - jxc_v7_app - INFO - ['List of devices attached\n', 'NAB0220629016963\tdevice\n', '\n']
2020-10-30 14:55:53,471 - jxc_v7_app - INFO - =======================================================================================================================================
2020-10-30 14:55:53,744 - jxc_v7_app - INFO - []
2020-10-30 14:55:53,744 - jxc_v7_app - INFO - =======================================================================================================================================
2020-10-30 14:55:53,744 - jxc_v7_app - INFO - 已关闭Appium服务进程
2020-10-30 14:55:53,828 - jxc_v7_app - INFO - ['  TCP    127.0.0.1:5037         127.0.0.1:54700        TIME_WAIT       0\n', '  TCP    127.0.0.1:54700        127.0.0.1:5037         TIME_WAIT       0\n']
2020-10-30 14:55:53,828 - jxc_v7_app - INFO - =======================================================================================================================================
2020-10-30 14:55:53,907 - jxc_v7_app - INFO - []
2020-10-30 14:55:53,907 - jxc_v7_app - INFO - =======================================================================================================================================
2020-10-30 14:55:53,988 - jxc_v7_app - INFO - ['  TCP    127.0.0.1:4900         0.0.0.0:0              LISTENING       23076\n', '  TCP    127.0.0.1:5037         127.0.0.1:54900        TIME_WAIT       0\n', '  TCP    127.0.0.1:54900        127.0.0.1:5037         TIME_WAIT       0\n']
2020-10-30 14:55:53,988 - jxc_v7_app - INFO - =======================================================================================================================================
2020-10-30 14:55:54,068 - jxc_v7_app - INFO - ['  TCP    127.0.0.1:4901         0.0.0.0:0              LISTENING       23076\n']
2020-10-30 14:55:54,068 - jxc_v7_app - INFO - =======================================================================================================================================
2020-10-30 14:55:54,146 - jxc_v7_app - INFO - []
2020-10-30 14:55:54,146 - jxc_v7_app - INFO - =======================================================================================================================================
2020-10-30 14:55:54,146 - jxc_v7_app - INFO - 执行启用appium服务命令：appium -p 4701 -bp 4902 -U NAB0220629016963 --no-reset --session-override --log D:/v7app_auto/untitled1/v7jxc_auto/log/test_log.log
2020-10-30 14:56:09,088 - jxc_v7_app - INFO - this is android_driver:0
2020-10-30 14:56:09,089 - jxc_v7_app - INFO - NAB0220629016963
2020-10-30 14:56:09,089 - jxc_v7_app - INFO - 4701
2020-10-30 14:56:56,827 - jxc_v7_app - INFO - ['List of devices attached\n', 'NAB0220629016963\tdevice\n', '\n']
2020-10-30 14:56:56,827 - jxc_v7_app - INFO - =======================================================================================================================================
2020-10-30 14:56:57,080 - jxc_v7_app - INFO - ['node.exe                     27912 RDP-Tcp#7                  2     65,268 K\n']
2020-10-30 14:56:57,081 - jxc_v7_app - INFO - =======================================================================================================================================
2020-10-30 14:56:57,228 - jxc_v7_app - INFO - 已关闭Appium服务进程
2020-10-30 14:59:53,148 - jxc_v7_app - INFO - ['List of devices attached\n', 'NAB0220629016963\tdevice\n', '\n']
2020-10-30 14:59:53,149 - jxc_v7_app - INFO - =======================================================================================================================================
2020-10-30 14:59:53,377 - jxc_v7_app - INFO - []
2020-10-30 14:59:53,378 - jxc_v7_app - INFO - =======================================================================================================================================
2020-10-30 14:59:53,378 - jxc_v7_app - INFO - 已关闭Appium服务进程
2020-10-30 14:59:53,460 - jxc_v7_app - INFO - []
2020-10-30 14:59:53,460 - jxc_v7_app - INFO - =======================================================================================================================================
2020-10-30 14:59:53,538 - jxc_v7_app - INFO - ['  TCP    127.0.0.1:4900         0.0.0.0:0              LISTENING       23076\n']
2020-10-30 14:59:53,538 - jxc_v7_app - INFO - =======================================================================================================================================
2020-10-30 14:59:53,619 - jxc_v7_app - INFO - ['  TCP    127.0.0.1:4901         0.0.0.0:0              LISTENING       23076\n']
2020-10-30 14:59:53,619 - jxc_v7_app - INFO - =======================================================================================================================================
2020-10-30 14:59:53,720 - jxc_v7_app - INFO - ['  TCP    127.0.0.1:4902         0.0.0.0:0              LISTENING       23076\n']
2020-10-30 14:59:53,721 - jxc_v7_app - INFO - =======================================================================================================================================
2020-10-30 14:59:53,813 - jxc_v7_app - INFO - []
2020-10-30 14:59:53,813 - jxc_v7_app - INFO - =======================================================================================================================================
2020-10-30 14:59:53,813 - jxc_v7_app - INFO - 执行启用appium服务命令：appium -p 4700 -bp 4903 -U NAB0220629016963 --no-reset --session-override --log D:/v7app_auto/untitled1/v7jxc_auto/log/test_log.log
2020-10-30 15:00:08,716 - jxc_v7_app - INFO - this is android_driver:0
2020-10-30 15:00:08,717 - jxc_v7_app - INFO - NAB0220629016963
2020-10-30 15:00:08,717 - jxc_v7_app - INFO - 4700
2020-10-30 15:01:09,659 - jxc_v7_app - INFO - ['List of devices attached\n', 'NAB0220629016963\tdevice\n', '\n']
2020-10-30 15:01:09,659 - jxc_v7_app - INFO - =======================================================================================================================================
2020-10-30 15:01:09,904 - jxc_v7_app - INFO - ['node.exe                     24960 RDP-Tcp#7                  2     64,968 K\n']
2020-10-30 15:01:09,904 - jxc_v7_app - INFO - =======================================================================================================================================
2020-10-30 15:01:10,054 - jxc_v7_app - INFO - 已关闭Appium服务进程
